  [1m[35m (158.5ms)[0m  [1m[35mCREATE DATABASE "reddit_clone_development" ENCODING = 'unicode'[0m
  ↳ bin/rails:9
  [1m[35m (90.1ms)[0m  [1m[35mCREATE DATABASE "reddit_clone_test" ENCODING = 'unicode'[0m
  ↳ bin/rails:9
  [1m[35m (15.0ms)[0m  [1m[35mCREATE TABLE "schema_migrations" ("version" character varying NOT NULL PRIMARY KEY)[0m
  ↳ bin/rails:9
  [1m[35m (3.7ms)[0m  [1m[35mCREATE TABLE "ar_internal_metadata" ("key" character varying NOT NULL PRIMARY KEY, "value" character varying, "created_at" timestamp NOT NULL, "updated_at" timestamp NOT NULL)[0m
  ↳ bin/rails:9
  [1m[35m (0.7ms)[0m  [1m[34mSELECT pg_try_advisory_lock(688274183373989625)[0m
  ↳ bin/rails:9
  [1m[35m (1.2ms)[0m  [1m[34mSELECT "schema_migrations"."version" FROM "schema_migrations" ORDER BY "schema_migrations"."version" ASC[0m
  ↳ bin/rails:9
Migrating to CreateUser (20200824152407)
  [1m[35m (0.3ms)[0m  [1m[35mBEGIN[0m
  ↳ bin/rails:9
  [1m[35m (6.6ms)[0m  [1m[35mCREATE TABLE "users" ("id" bigserial primary key, "name" character varying NOT NULL, "password_digest" character varying NOT NULL, "session_token" character varying NOT NULL, "created_at" timestamp NOT NULL, "updated_at" timestamp NOT NULL)[0m
  ↳ db/migrate/20200824152407_create_user.rb:3
  [1m[35m (1.2ms)[0m  [1m[35mCREATE UNIQUE INDEX  "index_users_on_name" ON "users"  ("name")[0m
  ↳ db/migrate/20200824152407_create_user.rb:10
  [1m[35m (1.1ms)[0m  [1m[35mCREATE UNIQUE INDEX  "index_users_on_session_token" ON "users"  ("session_token")[0m
  ↳ db/migrate/20200824152407_create_user.rb:11
  [1m[36mActiveRecord::SchemaMigration Create (1.9ms)[0m  [1m[32mINSERT INTO "schema_migrations" ("version") VALUES ($1) RETURNING "version"[0m  [["version", "20200824152407"]]
  ↳ bin/rails:9
  [1m[35m (0.4ms)[0m  [1m[35mCOMMIT[0m
  ↳ bin/rails:9
  [1m[36mActiveRecord::InternalMetadata Load (0.8ms)[0m  [1m[34mSELECT  "ar_internal_metadata".* FROM "ar_internal_metadata" WHERE "ar_internal_metadata"."key" = $1 LIMIT $2[0m  [["key", "environment"], ["LIMIT", 1]]
  ↳ bin/rails:9
  [1m[35m (0.3ms)[0m  [1m[35mBEGIN[0m
  ↳ bin/rails:9
  [1m[36mActiveRecord::InternalMetadata Create (1.3ms)[0m  [1m[32mINSERT INTO "ar_internal_metadata" ("key", "value", "created_at", "updated_at") VALUES ($1, $2, $3, $4) RETURNING "key"[0m  [["key", "environment"], ["value", "development"], ["created_at", "2020-08-24 15:39:27.590826"], ["updated_at", "2020-08-24 15:39:27.590826"]]
  ↳ bin/rails:9
  [1m[35m (0.3ms)[0m  [1m[35mCOMMIT[0m
  ↳ bin/rails:9
  [1m[35m (0.3ms)[0m  [1m[34mSELECT pg_advisory_unlock(688274183373989625)[0m
  ↳ bin/rails:9
  [1m[35m (0.8ms)[0m  [1m[34mSELECT "schema_migrations"."version" FROM "schema_migrations" ORDER BY "schema_migrations"."version" ASC[0m
  ↳ bin/rails:9
  [1m[35m (0.9ms)[0m  [1m[34mSELECT "schema_migrations"."version" FROM "schema_migrations" ORDER BY "schema_migrations"."version" ASC[0m
  ↳ bin/rails:9
  [1m[35m (0.2ms)[0m  [1m[34mSELECT pg_try_advisory_lock(688274183373989625)[0m
  ↳ bin/rails:9
  [1m[35m (0.8ms)[0m  [1m[34mSELECT "schema_migrations"."version" FROM "schema_migrations" ORDER BY "schema_migrations"."version" ASC[0m
  ↳ bin/rails:9
  [1m[36mActiveRecord::InternalMetadata Load (0.5ms)[0m  [1m[34mSELECT  "ar_internal_metadata".* FROM "ar_internal_metadata" WHERE "ar_internal_metadata"."key" = $1 LIMIT $2[0m  [["key", "environment"], ["LIMIT", 1]]
  ↳ bin/rails:9
  [1m[35m (0.2ms)[0m  [1m[35mBEGIN[0m
  ↳ bin/rails:9
  [1m[35m (0.1ms)[0m  [1m[35mCOMMIT[0m
  ↳ bin/rails:9
  [1m[35m (0.2ms)[0m  [1m[34mSELECT pg_advisory_unlock(688274183373989625)[0m
  ↳ bin/rails:9
  [1m[35m (0.2ms)[0m  [1m[34mSELECT "schema_migrations"."version" FROM "schema_migrations" ORDER BY "schema_migrations"."version" ASC[0m
  ↳ bin/rails:9
  [1m[35m (0.8ms)[0m  [1m[34mSELECT "schema_migrations"."version" FROM "schema_migrations" ORDER BY "schema_migrations"."version" ASC[0m
  ↳ /Users/donaldherndon/.rbenv/versions/2.5.1/bin/annotate:23
Started GET "/" for 127.0.0.1 at 2020-08-24 14:36:21 -0400
  [1m[35m (2.4ms)[0m  [1m[34mSELECT "schema_migrations"."version" FROM "schema_migrations" ORDER BY "schema_migrations"."version" ASC[0m
  ↳ /Users/donaldherndon/.rbenv/versions/2.5.1/lib/ruby/gems/2.5.0/gems/activerecord-5.2.4.3/lib/active_record/log_subscriber.rb:98
Processing by Rails::WelcomeController#index as HTML
  Rendering /Users/donaldherndon/.rbenv/versions/2.5.1/lib/ruby/gems/2.5.0/gems/railties-5.2.4.3/lib/rails/templates/rails/welcome/index.html.erb
  Rendered /Users/donaldherndon/.rbenv/versions/2.5.1/lib/ruby/gems/2.5.0/gems/railties-5.2.4.3/lib/rails/templates/rails/welcome/index.html.erb (14.2ms)
Completed 200 OK in 42ms (Views: 28.4ms | ActiveRecord: 0.0ms)


Started GET "/" for ::1 at 2020-08-24 14:36:23 -0400
Processing by Rails::WelcomeController#index as HTML
  Rendering /Users/donaldherndon/.rbenv/versions/2.5.1/lib/ruby/gems/2.5.0/gems/railties-5.2.4.3/lib/rails/templates/rails/welcome/index.html.erb
  Rendered /Users/donaldherndon/.rbenv/versions/2.5.1/lib/ruby/gems/2.5.0/gems/railties-5.2.4.3/lib/rails/templates/rails/welcome/index.html.erb (2.4ms)
Completed 200 OK in 10ms (Views: 5.9ms | ActiveRecord: 0.0ms)


Started GET "/" for ::1 at 2020-08-24 14:38:31 -0400
Processing by Rails::WelcomeController#index as HTML
  Rendering /Users/donaldherndon/.rbenv/versions/2.5.1/lib/ruby/gems/2.5.0/gems/railties-5.2.4.3/lib/rails/templates/rails/welcome/index.html.erb
  Rendered /Users/donaldherndon/.rbenv/versions/2.5.1/lib/ruby/gems/2.5.0/gems/railties-5.2.4.3/lib/rails/templates/rails/welcome/index.html.erb (1.9ms)
Completed 200 OK in 8ms (Views: 5.0ms | ActiveRecord: 0.0ms)


Started GET "/users/new" for ::1 at 2020-08-24 14:38:33 -0400
Processing by UsersController#new as HTML
  Rendering users/new.html.erb within layouts/application
  Rendered users/new.html.erb within layouts/application (14.8ms)
Completed 500 Internal Server Error in 50ms (ActiveRecord: 9.1ms)



ActionView::Template::Error - Missing partial users/_form, application/_form with {:locale=>[:en], :formats=>[:html], :variants=>[], :handlers=>[:raw, :erb, :html, :builder, :ruby, :coffee, :jbuilder]}. Searched in:
  * "/Users/donaldherndon/Documents/reddit_clone/app/views"
:
  app/views/users/new.html.erb:3:in `view template'

Started POST "/__better_errors/19f38bbc36d15d26/variables" for ::1 at 2020-08-24 14:38:34 -0400
Started GET "/users/new" for ::1 at 2020-08-24 14:38:51 -0400
Processing by UsersController#new as HTML
  Rendering users/new.html.erb within layouts/application
  Rendered shared/_form.html.erb (0.8ms)
  Rendered users/new.html.erb within layouts/application (2.9ms)
Completed 200 OK in 1019ms (Views: 1016.0ms | ActiveRecord: 0.0ms)


Started GET "/users/new" for ::1 at 2020-08-24 14:38:59 -0400
Processing by UsersController#new as HTML
  Rendering users/new.html.erb within layouts/application
  Rendered shared/_form.html.erb (0.8ms)
  Rendered users/new.html.erb within layouts/application (3.1ms)
Completed 200 OK in 31ms (Views: 29.2ms | ActiveRecord: 0.0ms)


Started GET "/users/new" for ::1 at 2020-08-24 14:39:26 -0400
Processing by UsersController#new as HTML
  Rendering users/new.html.erb within layouts/application
  Rendered shared/_form.html.erb (0.7ms)
  Rendered users/new.html.erb within layouts/application (2.7ms)
Completed 200 OK in 25ms (Views: 23.0ms | ActiveRecord: 0.0ms)


Started GET "/session/new" for ::1 at 2020-08-24 14:39:35 -0400

SyntaxError - syntax error, unexpected tIDENTIFIER, expecting ')'
...ls( params[:user][:name] params[:user][:password] )
...                         ^~~~~~
/Users/donaldherndon/Documents/reddit_clone/app/controllers/sessions_controller.rb:11: syntax error, unexpected ')', expecting keyword_end
...ame] params[:user][:password] )
...                              ^:
  app/controllers/sessions_controller.rb:11:in `'

Started POST "/__better_errors/a2ac9eec9a4cb65d/variables" for ::1 at 2020-08-24 14:39:35 -0400
Started GET "/session/new" for ::1 at 2020-08-24 14:40:05 -0400
Processing by SessionsController#new as HTML
  Rendering sessions/new.html.erb within layouts/application
  Rendered shared/_form.html.erb (1.2ms)
  Rendered sessions/new.html.erb within layouts/application (4.9ms)
Completed 200 OK in 70ms (Views: 45.6ms | ActiveRecord: 10.7ms)


Started GET "/" for 127.0.0.1 at 2020-08-24 14:40:17 -0400
Processing by Rails::WelcomeController#index as HTML
  Rendering /Users/donaldherndon/.rbenv/versions/2.5.1/lib/ruby/gems/2.5.0/gems/railties-5.2.4.3/lib/rails/templates/rails/welcome/index.html.erb
  Rendered /Users/donaldherndon/.rbenv/versions/2.5.1/lib/ruby/gems/2.5.0/gems/railties-5.2.4.3/lib/rails/templates/rails/welcome/index.html.erb (1.4ms)
Completed 200 OK in 8ms (Views: 4.0ms | ActiveRecord: 0.0ms)


Started GET "/users/new" for ::1 at 2020-08-24 14:40:23 -0400
Processing by UsersController#new as HTML
  Rendering users/new.html.erb within layouts/application
  Rendered shared/_form.html.erb (0.5ms)
  Rendered users/new.html.erb within layouts/application (2.4ms)
Completed 200 OK in 38ms (Views: 35.9ms | ActiveRecord: 0.0ms)


Started GET "/" for 127.0.0.1 at 2020-08-24 14:40:28 -0400
Processing by Rails::WelcomeController#index as HTML
  Rendering /Users/donaldherndon/.rbenv/versions/2.5.1/lib/ruby/gems/2.5.0/gems/railties-5.2.4.3/lib/rails/templates/rails/welcome/index.html.erb
  Rendered /Users/donaldherndon/.rbenv/versions/2.5.1/lib/ruby/gems/2.5.0/gems/railties-5.2.4.3/lib/rails/templates/rails/welcome/index.html.erb (1.9ms)
Completed 200 OK in 9ms (Views: 5.8ms | ActiveRecord: 0.0ms)


Started GET "/users" for 127.0.0.1 at 2020-08-24 14:40:32 -0400
Processing by UsersController#index as HTML
Completed 406 Not Acceptable in 138ms (ActiveRecord: 0.0ms)



ActionController::UnknownFormat - UsersController#index is missing a template for this request format and variant.

request.formats: ["text/html"]
request.variant: []

NOTE! For XHR/Ajax or API requests, this action would normally respond with 204 No Content: an empty white screen. Since you're loading it in a web browser, we assume that you expected to actually render a template, not nothing, so we're showing an error to be extra-clear. If you expect 204 No Content, carry on. That's what you'll get from an XHR or API request. Give it a shot.:

Started POST "/__better_errors/a9b2c2652f7a2960/variables" for 127.0.0.1 at 2020-08-24 14:40:33 -0400
  [1m[36mUser Load (0.7ms)[0m  [1m[34mSELECT  "users".* FROM "users" LIMIT $1[0m  [["LIMIT", 11]]
  ↳ /Users/donaldherndon/.rbenv/versions/2.5.1/lib/ruby/gems/2.5.0/gems/activerecord-5.2.4.3/lib/active_record/log_subscriber.rb:98
Started GET "/users/new" for ::1 at 2020-08-24 14:40:41 -0400
Processing by UsersController#new as HTML
  Rendering users/new.html.erb within layouts/application
  Rendered shared/_form.html.erb (0.6ms)
  Rendered users/new.html.erb within layouts/application (2.6ms)
Completed 200 OK in 23ms (Views: 20.9ms | ActiveRecord: 0.0ms)


Started GET "/users" for 127.0.0.1 at 2020-08-24 14:40:45 -0400
Processing by UsersController#index as HTML
Completed 406 Not Acceptable in 108ms (ActiveRecord: 0.0ms)



ActionController::UnknownFormat - UsersController#index is missing a template for this request format and variant.

request.formats: ["text/html"]
request.variant: []

NOTE! For XHR/Ajax or API requests, this action would normally respond with 204 No Content: an empty white screen. Since you're loading it in a web browser, we assume that you expected to actually render a template, not nothing, so we're showing an error to be extra-clear. If you expect 204 No Content, carry on. That's what you'll get from an XHR or API request. Give it a shot.:

Started GET "/session/new" for ::1 at 2020-08-24 14:40:46 -0400
Processing by SessionsController#new as HTML
  Rendering sessions/new.html.erb within layouts/application
  Rendered shared/_form.html.erb (0.8ms)
  Rendered sessions/new.html.erb within layouts/application (3.6ms)
Completed 200 OK in 29ms (Views: 28.2ms | ActiveRecord: 0.0ms)


Started POST "/__better_errors/3cadb9a57d23e9ed/variables" for 127.0.0.1 at 2020-08-24 14:40:46 -0400
  [1m[36mUser Load (0.6ms)[0m  [1m[34mSELECT  "users".* FROM "users" LIMIT $1[0m  [["LIMIT", 11]]
  ↳ /Users/donaldherndon/.rbenv/versions/2.5.1/lib/ruby/gems/2.5.0/gems/activerecord-5.2.4.3/lib/active_record/log_subscriber.rb:98
Started GET "/users/new" for ::1 at 2020-08-24 14:43:20 -0400
Processing by UsersController#new as HTML
  Rendering users/new.html.erb within layouts/application
  Rendered shared/_form.html.erb (0.7ms)
  Rendered users/new.html.erb within layouts/application (2.6ms)
Completed 200 OK in 22ms (Views: 19.5ms | ActiveRecord: 0.0ms)


Started GET "/session/new" for ::1 at 2020-08-24 14:44:59 -0400
Processing by SessionsController#new as HTML
  Rendering sessions/new.html.erb within layouts/application
  Rendered shared/_form.html.erb (0.7ms)
  Rendered sessions/new.html.erb within layouts/application (2.9ms)
Completed 200 OK in 21ms (Views: 20.2ms | ActiveRecord: 0.0ms)


Started GET "/users/new" for ::1 at 2020-08-24 14:45:08 -0400
Processing by UsersController#new as HTML
  Rendering users/new.html.erb within layouts/application
  Rendered shared/_form.html.erb (0.7ms)
  Rendered users/new.html.erb within layouts/application (2.5ms)
Completed 200 OK in 28ms (Views: 24.9ms | ActiveRecord: 0.0ms)


Started GET "/users/new" for ::1 at 2020-08-24 14:56:28 -0400
Processing by UsersController#new as HTML
  Rendering users/new.html.erb within layouts/application
  Rendered shared/_form.html.erb (0.6ms)
  Rendered users/new.html.erb within layouts/application (2.5ms)
Completed 200 OK in 25ms (Views: 23.4ms | ActiveRecord: 0.0ms)


Started POST "/users" for ::1 at 2020-08-24 14:57:53 -0400
Processing by UsersController#create as HTML
  Parameters: {"authenticity_token"=>"pQYprpicfl9YQ9D6lPVPwUIDcstQpJhWyDaWn6ZkUW9C+8ZteetM5IzwBzWB+dc+iYorys7aL1UN1al0Tzf94Q==", "user"=>{"name"=>"donald", "password"=>"[FILTERED]"}}
  [1m[35m (0.2ms)[0m  [1m[35mBEGIN[0m
  ↳ app/controllers/users_controller.rb:11
  [1m[36mUser Exists (1.5ms)[0m  [1m[34mSELECT  1 AS one FROM "users" WHERE "users"."session_token" = $1 LIMIT $2[0m  [["session_token", "AQ_ALWmRa4uoAcET6q4Oaw"], ["LIMIT", 1]]
  ↳ app/controllers/users_controller.rb:11
  [1m[36mUser Exists (0.6ms)[0m  [1m[34mSELECT  1 AS one FROM "users" WHERE "users"."name" = $1 LIMIT $2[0m  [["name", "donald"], ["LIMIT", 1]]
  ↳ app/controllers/users_controller.rb:11
  [1m[36mUser Create (2.7ms)[0m  [1m[32mINSERT INTO "users" ("name", "password_digest", "session_token", "created_at", "updated_at") VALUES ($1, $2, $3, $4, $5) RETURNING "id"[0m  [["name", "donald"], ["password_digest", "$2a$12$2Fn3pOPFsguuYIA5cYfIAuFVzcOePpHIw0vyaXyNemFBO2lX8jw/K"], ["session_token", "AQ_ALWmRa4uoAcET6q4Oaw"], ["created_at", "2020-08-24 18:57:54.004898"], ["updated_at", "2020-08-24 18:57:54.004898"]]
  ↳ app/controllers/users_controller.rb:11
  [1m[35m (0.4ms)[0m  [1m[35mCOMMIT[0m
  ↳ app/controllers/users_controller.rb:11
  [1m[35m (0.1ms)[0m  [1m[35mBEGIN[0m
  ↳ app/models/user.rb:41
  [1m[36mUser Exists (0.5ms)[0m  [1m[34mSELECT  1 AS one FROM "users" WHERE "users"."session_token" = $1 AND "users"."id" != $2 LIMIT $3[0m  [["session_token", "YGLUIraG0QR4pj7BSbPA3A"], ["id", 1], ["LIMIT", 1]]
  ↳ app/models/user.rb:41
  [1m[36mUser Exists (0.2ms)[0m  [1m[34mSELECT  1 AS one FROM "users" WHERE "users"."name" = $1 AND "users"."id" != $2 LIMIT $3[0m  [["name", "donald"], ["id", 1], ["LIMIT", 1]]
  ↳ app/models/user.rb:41
  [1m[36mUser Update (0.6ms)[0m  [1m[33mUPDATE "users" SET "session_token" = $1, "updated_at" = $2 WHERE "users"."id" = $3[0m  [["session_token", "YGLUIraG0QR4pj7BSbPA3A"], ["updated_at", "2020-08-24 18:57:54.012087"], ["id", 1]]
  ↳ app/models/user.rb:41
  [1m[35m (0.3ms)[0m  [1m[35mCOMMIT[0m
  ↳ app/models/user.rb:41
Redirected to http://localhost:3000/users
Completed 302 Found in 279ms (ActiveRecord: 7.1ms)


Started GET "/users" for ::1 at 2020-08-24 14:57:54 -0400
Processing by UsersController#index as HTML
Completed 406 Not Acceptable in 101ms (ActiveRecord: 0.0ms)



ActionController::UnknownFormat - UsersController#index is missing a template for this request format and variant.

request.formats: ["text/html"]
request.variant: []

NOTE! For XHR/Ajax or API requests, this action would normally respond with 204 No Content: an empty white screen. Since you're loading it in a web browser, we assume that you expected to actually render a template, not nothing, so we're showing an error to be extra-clear. If you expect 204 No Content, carry on. That's what you'll get from an XHR or API request. Give it a shot.:

Started POST "/__better_errors/35934150dd409d02/variables" for ::1 at 2020-08-24 14:57:54 -0400
  [1m[36mUser Load (0.3ms)[0m  [1m[34mSELECT  "users".* FROM "users" LIMIT $1[0m  [["LIMIT", 11]]
  ↳ /Users/donaldherndon/.rbenv/versions/2.5.1/lib/ruby/gems/2.5.0/gems/activerecord-5.2.4.3/lib/active_record/log_subscriber.rb:98
  [1m[36mCACHE User Load (0.0ms)[0m  [1m[34mSELECT  "users".* FROM "users" LIMIT $1[0m  [["LIMIT", 11]]
  ↳ /Users/donaldherndon/.rbenv/versions/2.5.1/lib/ruby/gems/2.5.0/gems/activerecord-5.2.4.3/lib/active_record/log_subscriber.rb:98
Started GET "/users" for ::1 at 2020-08-24 15:02:37 -0400
Processing by UsersController#index as HTML
  Rendering users/index.html.erb within layouts/application
  [1m[36mUser Load (0.3ms)[0m  [1m[34mSELECT "users".* FROM "users"[0m
  ↳ app/views/users/index.html.erb:5
  Rendered users/index.html.erb within layouts/application (1.4ms)
Completed 200 OK in 21ms (Views: 18.0ms | ActiveRecord: 0.3ms)


Started GET "/users/new" for ::1 at 2020-08-24 15:02:47 -0400
Processing by UsersController#new as HTML
  Rendering users/new.html.erb within layouts/application
  Rendered shared/_form.html.erb (0.8ms)
  Rendered users/new.html.erb within layouts/application (3.5ms)
Completed 200 OK in 35ms (Views: 31.2ms | ActiveRecord: 0.0ms)


Started GET "/users/" for ::1 at 2020-08-24 15:06:34 -0400
Processing by UsersController#index as HTML
  Rendering users/index.html.erb within layouts/application
  [1m[36mUser Load (0.4ms)[0m  [1m[34mSELECT "users".* FROM "users"[0m
  ↳ app/views/users/index.html.erb:6
  [1m[36mUser Load (0.3ms)[0m  [1m[34mSELECT  "users".* FROM "users" LIMIT $1[0m  [["LIMIT", 11]]
  ↳ /Users/donaldherndon/.rbenv/versions/2.5.1/lib/ruby/gems/2.5.0/gems/activerecord-5.2.4.3/lib/active_record/log_subscriber.rb:98
  [1m[36mCACHE User Load (0.0ms)[0m  [1m[34mSELECT  "users".* FROM "users" LIMIT $1[0m  [["LIMIT", 11]]
  ↳ /Users/donaldherndon/.rbenv/versions/2.5.1/lib/ruby/gems/2.5.0/gems/activerecord-5.2.4.3/lib/active_record/log_subscriber.rb:98
  [1m[36mCACHE User Load (0.0ms)[0m  [1m[34mSELECT  "users".* FROM "users" LIMIT $1[0m  [["LIMIT", 11]]
  ↳ /Users/donaldherndon/.rbenv/versions/2.5.1/lib/ruby/gems/2.5.0/gems/activerecord-5.2.4.3/lib/active_record/log_subscriber.rb:98
  [1m[36mCACHE User Load (0.0ms)[0m  [1m[34mSELECT  "users".* FROM "users" LIMIT $1[0m  [["LIMIT", 11]]
  ↳ /Users/donaldherndon/.rbenv/versions/2.5.1/lib/ruby/gems/2.5.0/gems/activerecord-5.2.4.3/lib/active_record/log_subscriber.rb:98
  [1m[36mCACHE User Load (0.0ms)[0m  [1m[34mSELECT  "users".* FROM "users" LIMIT $1[0m  [["LIMIT", 11]]
  ↳ /Users/donaldherndon/.rbenv/versions/2.5.1/lib/ruby/gems/2.5.0/gems/activerecord-5.2.4.3/lib/active_record/log_subscriber.rb:98
  [1m[36mCACHE User Load (0.0ms)[0m  [1m[34mSELECT  "users".* FROM "users" LIMIT $1[0m  [["LIMIT", 11]]
  ↳ /Users/donaldherndon/.rbenv/versions/2.5.1/lib/ruby/gems/2.5.0/gems/activerecord-5.2.4.3/lib/active_record/log_subscriber.rb:98
  [1m[36mCACHE User Load (0.0ms)[0m  [1m[34mSELECT  "users".* FROM "users" LIMIT $1[0m  [["LIMIT", 11]]
  ↳ /Users/donaldherndon/.rbenv/versions/2.5.1/lib/ruby/gems/2.5.0/gems/activerecord-5.2.4.3/lib/active_record/log_subscriber.rb:98
  [1m[36mCACHE User Load (0.0ms)[0m  [1m[34mSELECT  "users".* FROM "users" LIMIT $1[0m  [["LIMIT", 11]]
  ↳ /Users/donaldherndon/.rbenv/versions/2.5.1/lib/ruby/gems/2.5.0/gems/activerecord-5.2.4.3/lib/active_record/log_subscriber.rb:98
  [1m[36mCACHE User Load (0.0ms)[0m  [1m[34mSELECT  "users".* FROM "users" LIMIT $1[0m  [["LIMIT", 11]]
  ↳ /Users/donaldherndon/.rbenv/versions/2.5.1/lib/ruby/gems/2.5.0/gems/activerecord-5.2.4.3/lib/active_record/log_subscriber.rb:98
  [1m[36mCACHE User Load (0.0ms)[0m  [1m[34mSELECT  "users".* FROM "users" LIMIT $1[0m  [["LIMIT", 11]]
  ↳ /Users/donaldherndon/.rbenv/versions/2.5.1/lib/ruby/gems/2.5.0/gems/activerecord-5.2.4.3/lib/active_record/log_subscriber.rb:98
  [1m[36mCACHE User Load (0.0ms)[0m  [1m[34mSELECT  "users".* FROM "users" LIMIT $1[0m  [["LIMIT", 11]]
  ↳ /Users/donaldherndon/.rbenv/versions/2.5.1/lib/ruby/gems/2.5.0/gems/activerecord-5.2.4.3/lib/active_record/log_subscriber.rb:98
  [1m[36mCACHE User Load (0.0ms)[0m  [1m[34mSELECT  "users".* FROM "users" LIMIT $1[0m  [["LIMIT", 11]]
  ↳ /Users/donaldherndon/.rbenv/versions/2.5.1/lib/ruby/gems/2.5.0/gems/activerecord-5.2.4.3/lib/active_record/log_subscriber.rb:98
  Rendered users/index.html.erb within layouts/application (268.9ms)
Completed 500 Internal Server Error in 276ms (ActiveRecord: 0.8ms)



ActionView::Template::Error - undefined local variable or method `user' for #<#<Class:0x00007fe0f32414a0>:0x00007fe0e8db5148>
Did you mean?  @users:
  app/views/users/index.html.erb:7:in `view template'

Started POST "/__better_errors/8e6a5b4106acfa85/variables" for ::1 at 2020-08-24 15:06:34 -0400
Started GET "/users/" for ::1 at 2020-08-24 15:06:43 -0400
Processing by UsersController#index as HTML
  Rendering users/index.html.erb within layouts/application
  [1m[36mUser Load (0.4ms)[0m  [1m[34mSELECT "users".* FROM "users"[0m
  ↳ app/views/users/index.html.erb:6
  Rendered users/index.html.erb within layouts/application (1.3ms)
Completed 200 OK in 35ms (Views: 32.7ms | ActiveRecord: 0.4ms)


Started GET "/users/" for ::1 at 2020-08-24 15:13:52 -0400
Processing by UsersController#index as HTML
  Rendering users/index.html.erb within layouts/application
  [1m[36mUser Load (0.8ms)[0m  [1m[34mSELECT "users".* FROM "users"[0m
  ↳ app/views/users/index.html.erb:6
  Rendered users/index.html.erb within layouts/application (1.8ms)
Completed 200 OK in 25ms (Views: 21.7ms | ActiveRecord: 0.8ms)


Started GET "/users/new" for ::1 at 2020-08-24 15:13:55 -0400
Processing by UsersController#new as HTML
  Rendering users/new.html.erb within layouts/application
  Rendered shared/_form.html.erb (0.6ms)
  Rendered users/new.html.erb within layouts/application (2.7ms)
Completed 200 OK in 29ms (Views: 26.6ms | ActiveRecord: 0.0ms)


Started POST "/users" for ::1 at 2020-08-24 15:14:00 -0400
Processing by UsersController#create as HTML
  Parameters: {"authenticity_token"=>"b2Ij7wlITtCiTxkHzUif80GjlIWL0KjQIgfU2ExbB6SIn8ws6D98a3b8zsjYRAcMiirNhBWuH9Pn5OszpQirKg==", "user"=>{"name"=>"rav", "password"=>"[FILTERED]"}}
  [1m[35m (0.2ms)[0m  [1m[35mBEGIN[0m
  ↳ app/controllers/users_controller.rb:11
  [1m[36mUser Exists (0.8ms)[0m  [1m[34mSELECT  1 AS one FROM "users" WHERE "users"."session_token" = $1 LIMIT $2[0m  [["session_token", "ga_nrJnoe9hbbEB9b33H1Q"], ["LIMIT", 1]]
  ↳ app/controllers/users_controller.rb:11
  [1m[36mUser Exists (0.3ms)[0m  [1m[34mSELECT  1 AS one FROM "users" WHERE "users"."name" = $1 LIMIT $2[0m  [["name", "rav"], ["LIMIT", 1]]
  ↳ app/controllers/users_controller.rb:11
  [1m[35m (1.3ms)[0m  [1m[31mROLLBACK[0m
  ↳ app/controllers/users_controller.rb:11
  Rendering users/new.html.erb within layouts/application
  Rendered shared/_form.html.erb (4.4ms)
  Rendered users/new.html.erb within layouts/application (6.6ms)
Completed 500 Internal Server Error in 285ms (ActiveRecord: 2.5ms)



ActionView::Template::Error - undefined method `name' for nil:NilClass:
  app/views/shared/_form.html.erb:15:in `view template'
  app/views/users/new.html.erb:5:in `_app_views_users_new_html_erb___367593010415636831_70301979040480'
  app/controllers/users_controller.rb:16:in `create'

Started POST "/__better_errors/f93ad85c2a806396/variables" for ::1 at 2020-08-24 15:14:00 -0400
Started POST "/users" for ::1 at 2020-08-24 15:30:31 -0400
Processing by UsersController#create as HTML
  Parameters: {"authenticity_token"=>"b2Ij7wlITtCiTxkHzUif80GjlIWL0KjQIgfU2ExbB6SIn8ws6D98a3b8zsjYRAcMiirNhBWuH9Pn5OszpQirKg==", "user"=>{"name"=>"rav", "password"=>"[FILTERED]"}}
  [1m[35m (0.2ms)[0m  [1m[35mBEGIN[0m
  ↳ app/controllers/users_controller.rb:11
  [1m[36mUser Exists (1.4ms)[0m  [1m[34mSELECT  1 AS one FROM "users" WHERE "users"."session_token" = $1 LIMIT $2[0m  [["session_token", "uC8ebgc-hz_8xk8sevt1jQ"], ["LIMIT", 1]]
  ↳ app/controllers/users_controller.rb:11
  [1m[36mUser Exists (0.5ms)[0m  [1m[34mSELECT  1 AS one FROM "users" WHERE "users"."name" = $1 LIMIT $2[0m  [["name", "rav"], ["LIMIT", 1]]
  ↳ app/controllers/users_controller.rb:11
  [1m[35m (0.3ms)[0m  [1m[31mROLLBACK[0m
  ↳ app/controllers/users_controller.rb:11
  Rendering users/new.html.erb within layouts/application
  Rendered shared/_form.html.erb (4.5ms)
  Rendered users/new.html.erb within layouts/application (7.4ms)
Completed 500 Internal Server Error in 424ms (ActiveRecord: 16.4ms)



ActionView::Template::Error - undefined method `name' for nil:NilClass:
  app/views/shared/_form.html.erb:15:in `view template'
  app/views/users/new.html.erb:5:in `_app_views_users_new_html_erb___367593010415636831_70301992403580'
  app/controllers/users_controller.rb:16:in `create'

Started POST "/__better_errors/878d6ca0c04af470/variables" for ::1 at 2020-08-24 15:30:31 -0400
Started GET "/users" for ::1 at 2020-08-24 15:30:34 -0400
Processing by UsersController#index as HTML
  Rendering users/index.html.erb within layouts/application
  [1m[36mUser Load (0.3ms)[0m  [1m[34mSELECT "users".* FROM "users"[0m
  ↳ app/views/users/index.html.erb:6
  Rendered users/index.html.erb within layouts/application (1.5ms)
Completed 200 OK in 26ms (Views: 23.2ms | ActiveRecord: 0.3ms)


Started GET "/users/new" for ::1 at 2020-08-24 15:30:37 -0400
Processing by UsersController#new as HTML
  Rendering users/new.html.erb within layouts/application
  Rendered shared/_form.html.erb (0.7ms)
  Rendered users/new.html.erb within layouts/application (3.4ms)
Completed 200 OK in 28ms (Views: 25.8ms | ActiveRecord: 0.0ms)


Started POST "/users" for ::1 at 2020-08-24 15:30:42 -0400
Processing by UsersController#create as HTML
  Parameters: {"authenticity_token"=>"iMma82w+g3Z+HBsVxFWUvI202LAp4CJuV1UXK0TUI8FvNHUwjUmxzaqvzNrRWQxDRj2BsbeelW2StijArYePTw==", "user"=>{"name"=>"another", "password"=>"[FILTERED]"}}
  [1m[35m (0.2ms)[0m  [1m[35mBEGIN[0m
  ↳ app/controllers/users_controller.rb:11
  [1m[36mUser Exists (0.4ms)[0m  [1m[34mSELECT  1 AS one FROM "users" WHERE "users"."session_token" = $1 LIMIT $2[0m  [["session_token", "1fAu2Dub_d2IRS3Vj9dxHg"], ["LIMIT", 1]]
  ↳ app/controllers/users_controller.rb:11
  [1m[36mUser Exists (0.4ms)[0m  [1m[34mSELECT  1 AS one FROM "users" WHERE "users"."name" = $1 LIMIT $2[0m  [["name", "another"], ["LIMIT", 1]]
  ↳ app/controllers/users_controller.rb:11
  [1m[35m (0.2ms)[0m  [1m[31mROLLBACK[0m
  ↳ app/controllers/users_controller.rb:11
  Rendering users/new.html.erb within layouts/application
  Rendered shared/_form.html.erb (4.8ms)
  Rendered users/new.html.erb within layouts/application (7.0ms)
Completed 500 Internal Server Error in 339ms (ActiveRecord: 1.2ms)



ActionView::Template::Error - undefined method `name' for nil:NilClass:
  app/views/shared/_form.html.erb:15:in `view template'
  app/views/users/new.html.erb:5:in `_app_views_users_new_html_erb___367593010415636831_70302003351680'
  app/controllers/users_controller.rb:16:in `create'

Started POST "/__better_errors/4a03eb457e3428ec/variables" for ::1 at 2020-08-24 15:30:42 -0400
Started GET "/users/new" for ::1 at 2020-08-24 15:31:06 -0400
Processing by UsersController#new as HTML
  Rendering users/new.html.erb within layouts/application
  Rendered shared/_form.html.erb (1.0ms)
  Rendered users/new.html.erb within layouts/application (5.0ms)
Completed 200 OK in 57ms (Views: 36.0ms | ActiveRecord: 6.4ms)


Started POST "/users" for ::1 at 2020-08-24 15:31:10 -0400
Processing by UsersController#create as HTML
  Parameters: {"authenticity_token"=>"ASkVXMIzurdkzQCsy49g9HlsIGUmFqETlQJNSeowEkDm1PqfI0SIDLB+12Peg/gLsuV5ZLhoFhBQ4XKiA2O+zg==", "user"=>{"name"=>"oof", "password"=>"[FILTERED]"}}
  [1m[35m (0.3ms)[0m  [1m[35mBEGIN[0m
  ↳ app/controllers/users_controller.rb:11
  [1m[36mUser Exists (0.6ms)[0m  [1m[34mSELECT  1 AS one FROM "users" WHERE "users"."session_token" = $1 LIMIT $2[0m  [["session_token", "B0K7WkMz2VHIGRSHl-gchQ"], ["LIMIT", 1]]
  ↳ app/controllers/users_controller.rb:11
  [1m[36mUser Exists (0.4ms)[0m  [1m[34mSELECT  1 AS one FROM "users" WHERE "users"."name" = $1 LIMIT $2[0m  [["name", "oof"], ["LIMIT", 1]]
  ↳ app/controllers/users_controller.rb:11
  [1m[35m (0.1ms)[0m  [1m[31mROLLBACK[0m
  ↳ app/controllers/users_controller.rb:11
  Rendering users/new.html.erb within layouts/application
  Rendered shared/_form.html.erb (3.6ms)
  Rendered users/new.html.erb within layouts/application (5.9ms)
Completed 500 Internal Server Error in 316ms (ActiveRecord: 1.4ms)



ActionView::Template::Error - undefined method `name' for nil:NilClass:
  app/views/shared/_form.html.erb:15:in `view template'
  app/views/users/new.html.erb:8:in `_app_views_users_new_html_erb___367593010415636831_70301998684100'
  app/controllers/users_controller.rb:16:in `create'

Started POST "/__better_errors/ba2a03f2200daeae/variables" for ::1 at 2020-08-24 15:31:11 -0400
Started GET "/users/new" for ::1 at 2020-08-24 15:31:35 -0400
  [1m[35m (2.3ms)[0m  [1m[34mSELECT "schema_migrations"."version" FROM "schema_migrations" ORDER BY "schema_migrations"."version" ASC[0m
  ↳ /Users/donaldherndon/.rbenv/versions/2.5.1/lib/ruby/gems/2.5.0/gems/activerecord-5.2.4.3/lib/active_record/log_subscriber.rb:98
Processing by UsersController#new as HTML
  Rendering users/new.html.erb within layouts/application
  Rendered shared/_form.html.erb (0.6ms)
  Rendered users/new.html.erb within layouts/application (5.8ms)
Completed 200 OK in 220ms (Views: 194.3ms | ActiveRecord: 6.8ms)


Started POST "/users" for ::1 at 2020-08-24 15:31:38 -0400
Processing by UsersController#create as HTML
  Parameters: {"authenticity_token"=>"PXtn5VmCmvFVU41uEht/+5lClA1Kn2xT6DhR+xYz7IfahogmuPWoSoHgWqEHF+cEUsvNDNTh21At224Q/2BACQ==", "user"=>{"name"=>"not", "password"=>"[FILTERED]"}}
  [1m[35m (0.2ms)[0m  [1m[35mBEGIN[0m
  ↳ app/controllers/users_controller.rb:11
  [1m[36mUser Exists (1.0ms)[0m  [1m[34mSELECT  1 AS one FROM "users" WHERE "users"."session_token" = $1 LIMIT $2[0m  [["session_token", "C0PG4pAwMv24LlQZVpjJBw"], ["LIMIT", 1]]
  ↳ app/controllers/users_controller.rb:11
  [1m[36mUser Exists (0.5ms)[0m  [1m[34mSELECT  1 AS one FROM "users" WHERE "users"."name" = $1 LIMIT $2[0m  [["name", "not"], ["LIMIT", 1]]
  ↳ app/controllers/users_controller.rb:11
  [1m[35m (0.2ms)[0m  [1m[31mROLLBACK[0m
  ↳ app/controllers/users_controller.rb:11
  Rendering users/new.html.erb within layouts/application
  Rendered shared/_form.html.erb (5.1ms)
  Rendered users/new.html.erb within layouts/application (7.9ms)
Completed 500 Internal Server Error in 328ms (ActiveRecord: 1.8ms)



ActionView::Template::Error - undefined method `name' for nil:NilClass:
  app/views/shared/_form.html.erb:15:in `view template'
  app/views/users/new.html.erb:8:in `_app_views_users_new_html_erb___2739623005117969214_70156896693880'
  app/controllers/users_controller.rb:16:in `create'

Started POST "/__better_errors/5877c2b5f8579294/variables" for ::1 at 2020-08-24 15:31:39 -0400
Started POST "/users" for ::1 at 2020-08-24 15:32:42 -0400
Processing by UsersController#create as HTML
  Parameters: {"authenticity_token"=>"PXtn5VmCmvFVU41uEht/+5lClA1Kn2xT6DhR+xYz7IfahogmuPWoSoHgWqEHF+cEUsvNDNTh21At224Q/2BACQ==", "user"=>{"name"=>"not", "password"=>"[FILTERED]"}}
  [1m[35m (0.2ms)[0m  [1m[35mBEGIN[0m
  ↳ app/controllers/users_controller.rb:11
  [1m[36mUser Exists (0.4ms)[0m  [1m[34mSELECT  1 AS one FROM "users" WHERE "users"."session_token" = $1 LIMIT $2[0m  [["session_token", "cnjOVA-4K8zlf3oaz0OQRg"], ["LIMIT", 1]]
  ↳ app/controllers/users_controller.rb:11
  [1m[36mUser Exists (0.5ms)[0m  [1m[34mSELECT  1 AS one FROM "users" WHERE "users"."name" = $1 LIMIT $2[0m  [["name", "not"], ["LIMIT", 1]]
  ↳ app/controllers/users_controller.rb:11
  [1m[35m (0.2ms)[0m  [1m[31mROLLBACK[0m
  ↳ app/controllers/users_controller.rb:11
  Rendering users/new.html.erb within layouts/application
  Rendered shared/_form.html.erb (0.8ms)
  Rendered users/new.html.erb within layouts/application (3.7ms)
Completed 200 OK in 359ms (Views: 27.7ms | ActiveRecord: 5.1ms)


Started POST "/users" for ::1 at 2020-08-24 15:32:56 -0400
Processing by UsersController#create as HTML
  Parameters: {"authenticity_token"=>"Rr+EUiBWedh49MxEyK9QPjCu6mTRPobeKnxexvP4admhQmuRwSFLY6xHG4vdo8jB+yezZU9AMd3vn2EtGqvFVw==", "user"=>{"name"=>"Rav", "password"=>"[FILTERED]"}}
  [1m[35m (0.2ms)[0m  [1m[35mBEGIN[0m
  ↳ app/controllers/users_controller.rb:11
  [1m[36mUser Exists (0.3ms)[0m  [1m[34mSELECT  1 AS one FROM "users" WHERE "users"."session_token" = $1 LIMIT $2[0m  [["session_token", "RpM0o-HBfOrO5fQF1QlNhg"], ["LIMIT", 1]]
  ↳ app/controllers/users_controller.rb:11
  [1m[36mUser Exists (0.4ms)[0m  [1m[34mSELECT  1 AS one FROM "users" WHERE "users"."name" = $1 LIMIT $2[0m  [["name", "Rav"], ["LIMIT", 1]]
  ↳ app/controllers/users_controller.rb:11
  [1m[36mUser Create (0.6ms)[0m  [1m[32mINSERT INTO "users" ("name", "password_digest", "session_token", "created_at", "updated_at") VALUES ($1, $2, $3, $4, $5) RETURNING "id"[0m  [["name", "Rav"], ["password_digest", "$2a$12$AJVkzO52QEudX.iK0Gy7M.j3E/K3H/v0jV3MaQ0hPwxSsYU7nXN3G"], ["session_token", "RpM0o-HBfOrO5fQF1QlNhg"], ["created_at", "2020-08-24 19:32:56.663991"], ["updated_at", "2020-08-24 19:32:56.663991"]]
  ↳ app/controllers/users_controller.rb:11
  [1m[35m (2.0ms)[0m  [1m[35mCOMMIT[0m
  ↳ app/controllers/users_controller.rb:11
Completed 500 Internal Server Error in 557ms (ActiveRecord: 3.5ms)



NameError - undefined local variable or method `user' for #<UsersController:0x00007f9d59a30e00>
Did you mean?  @user:
  app/controllers/users_controller.rb:12:in `create'

Started POST "/__better_errors/3ad43e6f0674a128/variables" for ::1 at 2020-08-24 15:32:57 -0400
Started POST "/users" for ::1 at 2020-08-24 15:33:21 -0400
Processing by UsersController#create as HTML
  Parameters: {"authenticity_token"=>"Rr+EUiBWedh49MxEyK9QPjCu6mTRPobeKnxexvP4admhQmuRwSFLY6xHG4vdo8jB+yezZU9AMd3vn2EtGqvFVw==", "user"=>{"name"=>"Rav", "password"=>"[FILTERED]"}}
  [1m[35m (0.2ms)[0m  [1m[35mBEGIN[0m
  ↳ app/controllers/users_controller.rb:11
  [1m[36mUser Exists (0.4ms)[0m  [1m[34mSELECT  1 AS one FROM "users" WHERE "users"."session_token" = $1 LIMIT $2[0m  [["session_token", "6llcyFKAs-4p2VYuX6GXhQ"], ["LIMIT", 1]]
  ↳ app/controllers/users_controller.rb:11
  [1m[36mUser Exists (0.3ms)[0m  [1m[34mSELECT  1 AS one FROM "users" WHERE "users"."name" = $1 LIMIT $2[0m  [["name", "Rav"], ["LIMIT", 1]]
  ↳ app/controllers/users_controller.rb:11
  [1m[35m (0.2ms)[0m  [1m[31mROLLBACK[0m
  ↳ app/controllers/users_controller.rb:11
  Rendering users/new.html.erb within layouts/application
  Rendered shared/_form.html.erb (1.0ms)
  Rendered users/new.html.erb within layouts/application (4.0ms)
Completed 200 OK in 420ms (Views: 34.5ms | ActiveRecord: 5.7ms)


Started GET "/users" for ::1 at 2020-08-24 15:33:27 -0400
Processing by UsersController#index as HTML
  Rendering users/index.html.erb within layouts/application
  [1m[36mUser Load (0.3ms)[0m  [1m[34mSELECT "users".* FROM "users"[0m
  ↳ app/views/users/index.html.erb:6
  Rendered users/index.html.erb within layouts/application (2.5ms)
Completed 200 OK in 26ms (Views: 23.6ms | ActiveRecord: 0.3ms)


Started GET "/session/new" for ::1 at 2020-08-24 15:33:57 -0400
Processing by SessionsController#new as HTML
  Rendering sessions/new.html.erb within layouts/application
  Rendered shared/_form.html.erb (0.8ms)
  Rendered sessions/new.html.erb within layouts/application (4.0ms)
Completed 200 OK in 32ms (Views: 31.1ms | ActiveRecord: 0.0ms)


Started POST "/session" for ::1 at 2020-08-24 15:34:06 -0400
Processing by SessionsController#create as HTML
  Parameters: {"authenticity_token"=>"VeuVstpomc7LFkm3SV0/3utmnOU32/AV6JAF4yQnMwuyFnpxOx+rdR+lnnhcUachIO/F5KmlRxYtczoIzXSfhQ==", "user"=>{"name"=>"donald", "password"=>"[FILTERED]"}}
Completed 500 Internal Server Error in 5ms (ActiveRecord: 0.2ms)



ActiveRecord::StatementInvalid - PG::UndefinedColumn: ERROR:  column users.username does not exist
LINE 1: SELECT  "users".* FROM "users" WHERE "users"."username" = $1...
                                             ^
: SELECT  "users".* FROM "users" WHERE "users"."username" = $1 LIMIT $2:
  app/models/user.rb:22:in `find_by_credentials'
  app/controllers/sessions_controller.rb:11:in `create'

Started POST "/__better_errors/28b5edfcd80875a7/variables" for ::1 at 2020-08-24 15:34:06 -0400
Started POST "/session" for ::1 at 2020-08-24 15:34:40 -0400
Processing by SessionsController#create as HTML
  Parameters: {"authenticity_token"=>"VeuVstpomc7LFkm3SV0/3utmnOU32/AV6JAF4yQnMwuyFnpxOx+rdR+lnnhcUachIO/F5KmlRxYtczoIzXSfhQ==", "user"=>{"name"=>"donald", "password"=>"[FILTERED]"}}
  [1m[36mUser Load (0.3ms)[0m  [1m[34mSELECT  "users".* FROM "users" WHERE "users"."name" = $1 LIMIT $2[0m  [["name", "donald"], ["LIMIT", 1]]
  ↳ app/models/user.rb:22
  Rendering sessions/new.html.erb within layouts/application
  Rendered shared/_form.html.erb (0.9ms)
  Rendered sessions/new.html.erb within layouts/application (3.7ms)
Completed 200 OK in 375ms (Views: 31.6ms | ActiveRecord: 5.1ms)


Started POST "/session" for ::1 at 2020-08-24 15:34:45 -0400
Processing by SessionsController#create as HTML
  Parameters: {"authenticity_token"=>"G6wtH0RgtVdUojoQrtySgEEzdV7BgCJFQ7sN/5PYYiD8UcLcpReH7IAR7d+70Ap/irosX1/+lUaGWDIUeovOrg==", "user"=>{"name"=>"dn", "password"=>"[FILTERED]"}}
  [1m[36mUser Load (0.4ms)[0m  [1m[34mSELECT  "users".* FROM "users" WHERE "users"."name" = $1 LIMIT $2[0m  [["name", "dn"], ["LIMIT", 1]]
  ↳ app/models/user.rb:22
  Rendering sessions/new.html.erb within layouts/application
  Rendered shared/_form.html.erb (0.5ms)
  Rendered sessions/new.html.erb within layouts/application (2.4ms)
Completed 200 OK in 32ms (Views: 29.7ms | ActiveRecord: 0.4ms)


Started POST "/session" for ::1 at 2020-08-24 15:34:51 -0400
Processing by SessionsController#create as HTML
  Parameters: {"authenticity_token"=>"YFf3mQQfVOGgfOTGKM56tZB7/VboyxW5v+juCRH4rSSHqhha5WhmWnTPMwk9wuJKW/KkV3a1orp6C9Hi+KsBqg==", "user"=>{"name"=>"rav", "password"=>"[FILTERED]"}}
  [1m[36mUser Load (0.4ms)[0m  [1m[34mSELECT  "users".* FROM "users" WHERE "users"."name" = $1 LIMIT $2[0m  [["name", "rav"], ["LIMIT", 1]]
  ↳ app/models/user.rb:22
  Rendering sessions/new.html.erb within layouts/application
  Rendered shared/_form.html.erb (0.5ms)
  Rendered sessions/new.html.erb within layouts/application (2.5ms)
Completed 200 OK in 22ms (Views: 20.0ms | ActiveRecord: 0.4ms)


Started POST "/session" for ::1 at 2020-08-24 15:34:55 -0400
Processing by SessionsController#create as HTML
  Parameters: {"authenticity_token"=>"Rm6dqWi2TdPmtBZqiIqgnrYfgGAWg1cs0abusKh/472hk3JqicF/aDIHwaWdhjhhfZbZYYj94C8URdFbQSxPMw==", "user"=>{"name"=>"Rav", "password"=>"[FILTERED]"}}
  [1m[36mUser Load (0.4ms)[0m  [1m[34mSELECT  "users".* FROM "users" WHERE "users"."name" = $1 LIMIT $2[0m  [["name", "Rav"], ["LIMIT", 1]]
  ↳ app/models/user.rb:22
  [1m[35m (0.1ms)[0m  [1m[35mBEGIN[0m
  ↳ app/models/user.rb:41
  [1m[36mUser Exists (0.5ms)[0m  [1m[34mSELECT  1 AS one FROM "users" WHERE "users"."session_token" = $1 AND "users"."id" != $2 LIMIT $3[0m  [["session_token", "4UjiDhtTqCpFUUW22fvVdA"], ["id", 2], ["LIMIT", 1]]
  ↳ app/models/user.rb:41
  [1m[36mUser Exists (0.3ms)[0m  [1m[34mSELECT  1 AS one FROM "users" WHERE "users"."name" = $1 AND "users"."id" != $2 LIMIT $3[0m  [["name", "Rav"], ["id", 2], ["LIMIT", 1]]
  ↳ app/models/user.rb:41
  [1m[36mUser Update (0.4ms)[0m  [1m[33mUPDATE "users" SET "session_token" = $1, "updated_at" = $2 WHERE "users"."id" = $3[0m  [["session_token", "4UjiDhtTqCpFUUW22fvVdA"], ["updated_at", "2020-08-24 19:34:56.078219"], ["id", 2]]
  ↳ app/models/user.rb:41
  [1m[35m (0.6ms)[0m  [1m[35mCOMMIT[0m
  ↳ app/models/user.rb:41
Redirected to http://localhost:3000/users
Completed 302 Found in 264ms (ActiveRecord: 2.3ms)


Started GET "/users" for ::1 at 2020-08-24 15:34:56 -0400
Processing by UsersController#index as HTML
  Rendering users/index.html.erb within layouts/application
  [1m[36mUser Load (0.3ms)[0m  [1m[34mSELECT "users".* FROM "users"[0m
  ↳ app/views/users/index.html.erb:6
  Rendered users/index.html.erb within layouts/application (1.5ms)
Completed 200 OK in 20ms (Views: 17.7ms | ActiveRecord: 0.3ms)


Started GET "/users" for ::1 at 2020-08-24 16:04:53 -0400
Processing by UsersController#index as HTML
  Rendering users/index.html.erb within layouts/application
  [1m[36mUser Load (0.9ms)[0m  [1m[34mSELECT "users".* FROM "users"[0m
  ↳ app/views/users/index.html.erb:6
  Rendered users/index.html.erb within layouts/application (2.6ms)
Completed 200 OK in 39ms (Views: 35.7ms | ActiveRecord: 0.9ms)


  [1m[35m (0.2ms)[0m  [1m[34mSELECT pg_try_advisory_lock(688274183373989625)[0m
  ↳ bin/rails:9
  [1m[35m (2.8ms)[0m  [1m[34mSELECT "schema_migrations"."version" FROM "schema_migrations" ORDER BY "schema_migrations"."version" ASC[0m
  ↳ bin/rails:9
Migrating to CreateSubs (20200824200534)
  [1m[35m (0.1ms)[0m  [1m[35mBEGIN[0m
  ↳ bin/rails:9
  [1m[35m (11.3ms)[0m  [1m[35mCREATE TABLE "subs" ("id" bigserial primary key, "title" character varying NOT NULL, "description" text, "moderator_id" integer, "created_at" timestamp NOT NULL, "updated_at" timestamp NOT NULL)[0m
  ↳ db/migrate/20200824200534_create_subs.rb:3
  [1m[35m (1.2ms)[0m  [1m[35mCREATE  INDEX  "index_subs_on_moderator_id" ON "subs"  ("moderator_id")[0m
  ↳ db/migrate/20200824200534_create_subs.rb:10
  [1m[36mActiveRecord::SchemaMigration Create (0.5ms)[0m  [1m[32mINSERT INTO "schema_migrations" ("version") VALUES ($1) RETURNING "version"[0m  [["version", "20200824200534"]]
  ↳ bin/rails:9
  [1m[35m (1.0ms)[0m  [1m[35mCOMMIT[0m
  ↳ bin/rails:9
  [1m[36mActiveRecord::InternalMetadata Load (0.5ms)[0m  [1m[34mSELECT  "ar_internal_metadata".* FROM "ar_internal_metadata" WHERE "ar_internal_metadata"."key" = $1 LIMIT $2[0m  [["key", "environment"], ["LIMIT", 1]]
  ↳ bin/rails:9
  [1m[35m (0.2ms)[0m  [1m[35mBEGIN[0m
  ↳ bin/rails:9
  [1m[35m (0.2ms)[0m  [1m[35mCOMMIT[0m
  ↳ bin/rails:9
  [1m[35m (0.4ms)[0m  [1m[34mSELECT pg_advisory_unlock(688274183373989625)[0m
  ↳ bin/rails:9
  [1m[35m (0.2ms)[0m  [1m[34mSELECT "schema_migrations"."version" FROM "schema_migrations" ORDER BY "schema_migrations"."version" ASC[0m
  ↳ bin/rails:9
  [1m[35m (1.0ms)[0m  [1m[34mSELECT "schema_migrations"."version" FROM "schema_migrations" ORDER BY "schema_migrations"."version" ASC[0m
  ↳ /Users/donaldherndon/.rbenv/versions/2.5.1/bin/annotate:23
Started GET "/users" for ::1 at 2020-08-24 17:03:28 -0400
  [1m[35m (0.7ms)[0m  [1m[34mSELECT "schema_migrations"."version" FROM "schema_migrations" ORDER BY "schema_migrations"."version" ASC[0m
  ↳ /Users/donaldherndon/.rbenv/versions/2.5.1/lib/ruby/gems/2.5.0/gems/activerecord-5.2.4.3/lib/active_record/log_subscriber.rb:98
Processing by UsersController#index as HTML
  Rendering users/index.html.erb within layouts/application
  [1m[36mUser Load (0.7ms)[0m  [1m[34mSELECT "users".* FROM "users"[0m
  ↳ app/views/users/index.html.erb:6
  Rendered users/index.html.erb within layouts/application (12.2ms)
Completed 200 OK in 75ms (Views: 61.8ms | ActiveRecord: 6.9ms)


Started GET "/session/new" for ::1 at 2020-08-24 17:03:32 -0400
Processing by SessionsController#new as HTML
  Rendering sessions/new.html.erb within layouts/application
  Rendered shared/_form.html.erb (0.6ms)
  Rendered sessions/new.html.erb within layouts/application (2.6ms)
Completed 200 OK in 28ms (Views: 27.4ms | ActiveRecord: 0.0ms)


Started GET "/subs" for ::1 at 2020-08-24 17:03:32 -0400
Processing by SubsController#index as HTML
Completed 500 Internal Server Error in 2ms (ActiveRecord: 0.0ms)



SyntaxError - syntax error, unexpected tSYMBEG, expecting keyword_do or '{' or '('
    validates :title, presence: true, unique...
              ^
/Users/donaldherndon/Documents/reddit_clone/app/models/sub.rb:14: Can't assign to true
...lidates :title, presence: true, uniqueness: true 
...                              ^:
  app/models/sub.rb:14:in `'
  app/controllers/subs_controller.rb:46:in `index'

Started POST "/__better_errors/daee24ca8c836fb6/variables" for ::1 at 2020-08-24 17:03:32 -0400
Started GET "/subs" for ::1 at 2020-08-24 17:04:24 -0400
Processing by SubsController#index as HTML
  Rendering subs/index.html.erb within layouts/application
  [1m[36mSub Load (2.8ms)[0m  [1m[34mSELECT "subs".* FROM "subs"[0m
  ↳ app/views/subs/index.html.erb:6
  Rendered subs/index.html.erb within layouts/application (8.1ms)
Completed 200 OK in 33ms (Views: 22.3ms | ActiveRecord: 5.9ms)


Started GET "/subs/new?authenticity_token=RvrKKppIvlJbUaFJwX12pE%2BVbxtC5J9ke8o%2BM7c9bNyhByXpez%2BM6Y%2FidobUce5bhBw2GtyaKGe%2BKQHYXm7AUg%3D%3D" for ::1 at 2020-08-24 17:04:26 -0400
Processing by SubsController#new as HTML
  Parameters: {"authenticity_token"=>"RvrKKppIvlJbUaFJwX12pE+VbxtC5J9ke8o+M7c9bNyhByXpez+M6Y/idobUce5bhBw2GtyaKGe+KQHYXm7AUg=="}
Completed 500 Internal Server Error in 97ms (ActiveRecord: 0.0ms)



NoMethodError - undefined method `ensure_logged_in' for #<SubsController:0x00007f9d5a820448>
Did you mean?  ensure_signed_in:

Started POST "/__better_errors/88dcddc64fd92e87/variables" for ::1 at 2020-08-24 17:04:27 -0400
Started GET "/subs/new?authenticity_token=RvrKKppIvlJbUaFJwX12pE%2BVbxtC5J9ke8o%2BM7c9bNyhByXpez%2BM6Y%2FidobUce5bhBw2GtyaKGe%2BKQHYXm7AUg%3D%3D" for ::1 at 2020-08-24 17:04:44 -0400
Processing by SubsController#new as HTML
  Parameters: {"authenticity_token"=>"RvrKKppIvlJbUaFJwX12pE+VbxtC5J9ke8o+M7c9bNyhByXpez+M6Y/idobUce5bhBw2GtyaKGe+KQHYXm7AUg=="}
  [1m[36mUser Load (0.5ms)[0m  [1m[34mSELECT  "users".* FROM "users" WHERE "users"."session_token" = $1 LIMIT $2[0m  [["session_token", "4UjiDhtTqCpFUUW22fvVdA"], ["LIMIT", 1]]
  ↳ app/controllers/application_controller.rb:4
  Rendering subs/new.html.erb within layouts/application
  Rendered subs/new.html.erb within layouts/application (0.3ms)
Completed 200 OK in 43ms (Views: 18.2ms | ActiveRecord: 9.7ms)


Started GET "/subs/new" for ::1 at 2020-08-24 17:05:09 -0400
Processing by SubsController#new as HTML
  [1m[36mUser Load (0.4ms)[0m  [1m[34mSELECT  "users".* FROM "users" WHERE "users"."session_token" = $1 LIMIT $2[0m  [["session_token", "4UjiDhtTqCpFUUW22fvVdA"], ["LIMIT", 1]]
  ↳ app/controllers/application_controller.rb:4
  Rendering subs/new.html.erb within layouts/application
  Rendered subs/new.html.erb within layouts/application (0.3ms)
Completed 200 OK in 20ms (Views: 16.8ms | ActiveRecord: 0.4ms)


Started GET "/subs/new" for ::1 at 2020-08-24 17:05:11 -0400
Processing by SubsController#new as HTML
  [1m[36mUser Load (0.4ms)[0m  [1m[34mSELECT  "users".* FROM "users" WHERE "users"."session_token" = $1 LIMIT $2[0m  [["session_token", "4UjiDhtTqCpFUUW22fvVdA"], ["LIMIT", 1]]
  ↳ app/controllers/application_controller.rb:4
  Rendering subs/new.html.erb within layouts/application
  Rendered subs/new.html.erb within layouts/application (0.3ms)
Completed 200 OK in 24ms (Views: 20.3ms | ActiveRecord: 0.4ms)


Started GET "/subs/new?authenticity_token=RvrKKppIvlJbUaFJwX12pE%2BVbxtC5J9ke8o%2BM7c9bNyhByXpez%2BM6Y%2FidobUce5bhBw2GtyaKGe%2BKQHYXm7AUg%3D%3D" for ::1 at 2020-08-24 17:05:51 -0400
Processing by SubsController#new as HTML
  Parameters: {"authenticity_token"=>"RvrKKppIvlJbUaFJwX12pE+VbxtC5J9ke8o+M7c9bNyhByXpez+M6Y/idobUce5bhBw2GtyaKGe+KQHYXm7AUg=="}
  [1m[36mUser Load (0.4ms)[0m  [1m[34mSELECT  "users".* FROM "users" WHERE "users"."session_token" = $1 LIMIT $2[0m  [["session_token", "4UjiDhtTqCpFUUW22fvVdA"], ["LIMIT", 1]]
  ↳ app/controllers/application_controller.rb:4
  Rendering subs/new.html.erb within layouts/application
  Rendered subs/new.html.erb within layouts/application (0.3ms)
Completed 200 OK in 19ms (Views: 15.9ms | ActiveRecord: 0.4ms)


Started GET "/subs/new" for ::1 at 2020-08-24 17:07:25 -0400
Processing by SubsController#new as HTML
  [1m[36mUser Load (0.3ms)[0m  [1m[34mSELECT  "users".* FROM "users" WHERE "users"."session_token" = $1 LIMIT $2[0m  [["session_token", "4UjiDhtTqCpFUUW22fvVdA"], ["LIMIT", 1]]
  ↳ app/controllers/application_controller.rb:4
  Rendering subs/new.html.erb within layouts/application
  Rendered subs/new.html.erb within layouts/application (0.3ms)
Completed 200 OK in 27ms (Views: 23.7ms | ActiveRecord: 0.3ms)


Started GET "/subs/new" for ::1 at 2020-08-24 17:07:36 -0400
Processing by SubsController#new as HTML
  [1m[36mUser Load (0.3ms)[0m  [1m[34mSELECT  "users".* FROM "users" WHERE "users"."session_token" = $1 LIMIT $2[0m  [["session_token", "4UjiDhtTqCpFUUW22fvVdA"], ["LIMIT", 1]]
  ↳ app/controllers/application_controller.rb:4
  Rendering subs/new.html.erb within layouts/application
  Rendered subs/new.html.erb within layouts/application (0.3ms)
Completed 200 OK in 23ms (Views: 19.2ms | ActiveRecord: 0.3ms)


Started GET "/subs/new" for ::1 at 2020-08-24 17:14:55 -0400
Processing by SubsController#new as HTML
  [1m[36mUser Load (0.5ms)[0m  [1m[34mSELECT  "users".* FROM "users" WHERE "users"."session_token" = $1 LIMIT $2[0m  [["session_token", "4UjiDhtTqCpFUUW22fvVdA"], ["LIMIT", 1]]
  ↳ app/controllers/application_controller.rb:4
  Rendering subs/new.html.erb within layouts/application
  Rendered subs/new.html.erb within layouts/application (0.6ms)
Completed 200 OK in 22ms (Views: 18.3ms | ActiveRecord: 0.8ms)


Started GET "/subs/" for ::1 at 2020-08-24 17:24:46 -0400
Processing by SubsController#index as HTML
  Rendering subs/index.html.erb within layouts/application
  [1m[36mSub Load (0.8ms)[0m  [1m[34mSELECT "subs".* FROM "subs"[0m
  ↳ app/views/subs/index.html.erb:6
  Rendered subs/index.html.erb within layouts/application (8.2ms)
Completed 500 Internal Server Error in 15ms (ActiveRecord: 3.9ms)



ActionView::Template::Error - No route matches {:action=>"new", :controller=>"subs"}, missing required keys: [:user_id]:
  app/views/subs/index.html.erb:18:in `view template'
  app/controllers/subs_controller.rb:48:in `index'

Started POST "/__better_errors/902a5a69a2b8f695/variables" for ::1 at 2020-08-24 17:24:46 -0400
Started GET "/subs/" for ::1 at 2020-08-24 17:26:33 -0400
Processing by SubsController#index as HTML
  Rendering subs/index.html.erb within layouts/application
  [1m[36mSub Load (0.3ms)[0m  [1m[34mSELECT "subs".* FROM "subs"[0m
  ↳ app/views/subs/index.html.erb:6
  Rendered subs/index.html.erb within layouts/application (257.9ms)
Completed 500 Internal Server Error in 264ms (ActiveRecord: 0.3ms)



ActionView::Template::Error - undefined local variable or method `signed_in' for #<#<Class:0x00007f9d59e66f38>:0x00007f9d61c69d40>
Did you mean?  signed_in?:
  app/views/subs/index.html.erb:18:in `view template'
  app/controllers/subs_controller.rb:48:in `index'

Started POST "/__better_errors/e197ca30c2e30484/variables" for ::1 at 2020-08-24 17:26:33 -0400
Started GET "/subs/" for ::1 at 2020-08-24 17:26:45 -0400
Processing by SubsController#index as HTML
  Rendering subs/index.html.erb within layouts/application
  [1m[36mSub Load (0.3ms)[0m  [1m[34mSELECT "subs".* FROM "subs"[0m
  ↳ app/views/subs/index.html.erb:6
  [1m[36mUser Load (0.6ms)[0m  [1m[34mSELECT  "users".* FROM "users" WHERE "users"."session_token" = $1 LIMIT $2[0m  [["session_token", "4UjiDhtTqCpFUUW22fvVdA"], ["LIMIT", 1]]
  ↳ app/controllers/application_controller.rb:4
  Rendered subs/index.html.erb within layouts/application (37.5ms)
Completed 500 Internal Server Error in 44ms (ActiveRecord: 6.5ms)



ActionView::Template::Error - No route matches {:action=>"new", :controller=>"subs"}, missing required keys: [:user_id]:
  app/views/subs/index.html.erb:19:in `view template'
  app/controllers/subs_controller.rb:48:in `index'

Started POST "/__better_errors/fbb6c2385b867875/variables" for ::1 at 2020-08-24 17:26:45 -0400
Started GET "/subs/" for ::1 at 2020-08-24 17:28:19 -0400
Processing by SubsController#index as HTML
  Rendering subs/index.html.erb within layouts/application
  [1m[36mSub Load (0.4ms)[0m  [1m[34mSELECT "subs".* FROM "subs"[0m
  ↳ app/views/subs/index.html.erb:6
  [1m[36mUser Load (0.2ms)[0m  [1m[34mSELECT  "users".* FROM "users" WHERE "users"."session_token" = $1 LIMIT $2[0m  [["session_token", "4UjiDhtTqCpFUUW22fvVdA"], ["LIMIT", 1]]
  ↳ app/controllers/application_controller.rb:4
  Rendered subs/index.html.erb within layouts/application (5.1ms)
Completed 500 Internal Server Error in 11ms (ActiveRecord: 0.6ms)



ActionView::Template::Error - No route matches {:action=>"new", :controller=>"subs"}, missing required keys: [:user_id]:
  app/views/subs/index.html.erb:19:in `view template'
  app/controllers/subs_controller.rb:48:in `index'

Started POST "/__better_errors/839460131042ae1f/variables" for ::1 at 2020-08-24 17:28:20 -0400
Started GET "/subs/" for ::1 at 2020-08-24 17:28:22 -0400
Processing by SubsController#index as HTML
  Rendering subs/index.html.erb within layouts/application
  [1m[36mSub Load (0.3ms)[0m  [1m[34mSELECT "subs".* FROM "subs"[0m
  ↳ app/views/subs/index.html.erb:6
  [1m[36mUser Load (0.2ms)[0m  [1m[34mSELECT  "users".* FROM "users" WHERE "users"."session_token" = $1 LIMIT $2[0m  [["session_token", "4UjiDhtTqCpFUUW22fvVdA"], ["LIMIT", 1]]
  ↳ app/controllers/application_controller.rb:4
  Rendered subs/index.html.erb within layouts/application (4.9ms)
Completed 500 Internal Server Error in 10ms (ActiveRecord: 0.5ms)



ActionView::Template::Error - No route matches {:action=>"new", :controller=>"subs"}, missing required keys: [:user_id]:
  app/views/subs/index.html.erb:19:in `view template'
  app/controllers/subs_controller.rb:48:in `index'

Started POST "/__better_errors/ebaffe0f6fe8994a/variables" for ::1 at 2020-08-24 17:28:22 -0400
Started GET "/subs/" for ::1 at 2020-08-24 17:31:20 -0400
Processing by SubsController#index as HTML
  Rendering subs/index.html.erb within layouts/application
  [1m[36mSub Load (0.3ms)[0m  [1m[34mSELECT "subs".* FROM "subs"[0m
  ↳ app/views/subs/index.html.erb:6
  Rendered subs/index.html.erb within layouts/application (1.3ms)
Completed 200 OK in 26ms (Views: 25.1ms | ActiveRecord: 0.3ms)


Started GET "/users/new" for ::1 at 2020-08-24 17:31:31 -0400
Processing by UsersController#new as HTML
  Rendering users/new.html.erb within layouts/application
  Rendered shared/_form.html.erb (0.7ms)
  Rendered users/new.html.erb within layouts/application (2.8ms)
Completed 200 OK in 24ms (Views: 21.5ms | ActiveRecord: 0.0ms)


Started GET "/users/" for ::1 at 2020-08-24 17:31:34 -0400
Processing by UsersController#index as HTML
  Rendering users/index.html.erb within layouts/application
  [1m[36mUser Load (0.3ms)[0m  [1m[34mSELECT "users".* FROM "users"[0m
  ↳ app/views/users/index.html.erb:6
  Rendered users/index.html.erb within layouts/application (1.9ms)
Completed 200 OK in 24ms (Views: 20.9ms | ActiveRecord: 0.3ms)


Started GET "/users/" for ::1 at 2020-08-24 17:32:42 -0400
Processing by UsersController#index as HTML
  Rendering users/index.html.erb within layouts/application
  [1m[36mUser Load (0.4ms)[0m  [1m[34mSELECT "users".* FROM "users"[0m
  ↳ app/views/users/index.html.erb:6
  Rendered users/index.html.erb within layouts/application (9.5ms)
Completed 200 OK in 35ms (Views: 26.7ms | ActiveRecord: 3.6ms)


Started GET "/session/new" for ::1 at 2020-08-24 17:32:46 -0400
Processing by SessionsController#new as HTML
  Rendering sessions/new.html.erb within layouts/application
  Rendered shared/_form.html.erb (0.6ms)
  Rendered sessions/new.html.erb within layouts/application (2.8ms)
Completed 200 OK in 26ms (Views: 25.7ms | ActiveRecord: 0.0ms)


Started GET "/subs" for ::1 at 2020-08-24 17:32:47 -0400
Processing by SubsController#index as HTML
  Rendering subs/index.html.erb within layouts/application
  [1m[36mSub Load (0.3ms)[0m  [1m[34mSELECT "subs".* FROM "subs"[0m
  ↳ app/views/subs/index.html.erb:6
  Rendered subs/index.html.erb within layouts/application (6.0ms)
Completed 500 Internal Server Error in 16ms (ActiveRecord: 1.9ms)



ActionView::Template::Error - No route matches {:action=>"new", :controller=>"subs"}, missing required keys: [:user_id]:
  app/views/subs/index.html.erb:19:in `view template'
  app/controllers/subs_controller.rb:48:in `index'

Started POST "/__better_errors/a7fc3c09e52d97a0/variables" for ::1 at 2020-08-24 17:32:47 -0400
Started GET "/subs" for ::1 at 2020-08-24 17:33:42 -0400
Processing by SubsController#index as HTML
  Rendering subs/index.html.erb within layouts/application
  [1m[36mSub Load (0.3ms)[0m  [1m[34mSELECT "subs".* FROM "subs"[0m
  ↳ app/views/subs/index.html.erb:6
  [1m[36mUser Load (0.3ms)[0m  [1m[34mSELECT  "users".* FROM "users" WHERE "users"."session_token" = $1 LIMIT $2[0m  [["session_token", "4UjiDhtTqCpFUUW22fvVdA"], ["LIMIT", 1]]
  ↳ app/controllers/application_controller.rb:4
  Rendered subs/index.html.erb within layouts/application (13.5ms)
Completed 200 OK in 41ms (Views: 33.3ms | ActiveRecord: 5.3ms)


Started GET "/subs/new?%5Buser_id%5D=2&authenticity_token=4XrFtshiu6mN1d65DIn7kZ5PZD0OnKj7A1XuPSPBIXMGhyp1KRWJEllmCXYZhWNuVcY9PJDiH%2FjGttHWypKN%2FQ%3D%3D" for ::1 at 2020-08-24 17:33:44 -0400
Processing by SubsController#new as HTML
  Parameters: {"user_id"=>"2", "authenticity_token"=>"4XrFtshiu6mN1d65DIn7kZ5PZD0OnKj7A1XuPSPBIXMGhyp1KRWJEllmCXYZhWNuVcY9PJDiH/jGttHWypKN/Q=="}
  Rendering subs/new.html.erb within layouts/application
  Rendered subs/new.html.erb within layouts/application (0.7ms)
Completed 200 OK in 34ms (Views: 22.4ms | ActiveRecord: 3.4ms)


Started POST "/subs" for ::1 at 2020-08-24 17:33:54 -0400
  
ActionController::RoutingError (No route matches [POST] "/subs"):
  
actionpack (5.2.4.3) lib/action_dispatch/middleware/debug_exceptions.rb:65:in `call'
web-console (3.7.0) lib/web_console/middleware.rb:135:in `call_app'
web-console (3.7.0) lib/web_console/middleware.rb:30:in `block in call'
web-console (3.7.0) lib/web_console/middleware.rb:20:in `catch'
web-console (3.7.0) lib/web_console/middleware.rb:20:in `call'
actionpack (5.2.4.3) lib/action_dispatch/middleware/show_exceptions.rb:33:in `call'
railties (5.2.4.3) lib/rails/rack/logger.rb:38:in `call_app'
railties (5.2.4.3) lib/rails/rack/logger.rb:26:in `block in call'
activesupport (5.2.4.3) lib/active_support/tagged_logging.rb:71:in `block in tagged'
activesupport (5.2.4.3) lib/active_support/tagged_logging.rb:28:in `tagged'
activesupport (5.2.4.3) lib/active_support/tagged_logging.rb:71:in `tagged'
railties (5.2.4.3) lib/rails/rack/logger.rb:26:in `call'
sprockets-rails (3.2.1) lib/sprockets/rails/quiet_assets.rb:13:in `call'
actionpack (5.2.4.3) lib/action_dispatch/middleware/remote_ip.rb:81:in `call'
actionpack (5.2.4.3) lib/action_dispatch/middleware/request_id.rb:27:in `call'
rack (2.2.3) lib/rack/method_override.rb:24:in `call'
rack (2.2.3) lib/rack/runtime.rb:22:in `call'
activesupport (5.2.4.3) lib/active_support/cache/strategy/local_cache_middleware.rb:29:in `call'
actionpack (5.2.4.3) lib/action_dispatch/middleware/executor.rb:14:in `call'
actionpack (5.2.4.3) lib/action_dispatch/middleware/static.rb:127:in `call'
rack (2.2.3) lib/rack/sendfile.rb:110:in `call'
railties (5.2.4.3) lib/rails/engine.rb:524:in `call'
puma (3.12.6) lib/puma/configuration.rb:227:in `call'
puma (3.12.6) lib/puma/server.rb:706:in `handle_request'
puma (3.12.6) lib/puma/server.rb:476:in `process_client'
puma (3.12.6) lib/puma/server.rb:334:in `block in run'
puma (3.12.6) lib/puma/thread_pool.rb:135:in `block in spawn_thread'
Started POST "/subs" for ::1 at 2020-08-24 17:34:22 -0400
  
ActionController::RoutingError (No route matches [POST] "/subs"):
  
actionpack (5.2.4.3) lib/action_dispatch/middleware/debug_exceptions.rb:65:in `call'
web-console (3.7.0) lib/web_console/middleware.rb:135:in `call_app'
web-console (3.7.0) lib/web_console/middleware.rb:30:in `block in call'
web-console (3.7.0) lib/web_console/middleware.rb:20:in `catch'
web-console (3.7.0) lib/web_console/middleware.rb:20:in `call'
actionpack (5.2.4.3) lib/action_dispatch/middleware/show_exceptions.rb:33:in `call'
railties (5.2.4.3) lib/rails/rack/logger.rb:38:in `call_app'
railties (5.2.4.3) lib/rails/rack/logger.rb:26:in `block in call'
activesupport (5.2.4.3) lib/active_support/tagged_logging.rb:71:in `block in tagged'
activesupport (5.2.4.3) lib/active_support/tagged_logging.rb:28:in `tagged'
activesupport (5.2.4.3) lib/active_support/tagged_logging.rb:71:in `tagged'
railties (5.2.4.3) lib/rails/rack/logger.rb:26:in `call'
sprockets-rails (3.2.1) lib/sprockets/rails/quiet_assets.rb:13:in `call'
actionpack (5.2.4.3) lib/action_dispatch/middleware/remote_ip.rb:81:in `call'
actionpack (5.2.4.3) lib/action_dispatch/middleware/request_id.rb:27:in `call'
rack (2.2.3) lib/rack/method_override.rb:24:in `call'
rack (2.2.3) lib/rack/runtime.rb:22:in `call'
activesupport (5.2.4.3) lib/active_support/cache/strategy/local_cache_middleware.rb:29:in `call'
actionpack (5.2.4.3) lib/action_dispatch/middleware/executor.rb:14:in `call'
actionpack (5.2.4.3) lib/action_dispatch/middleware/static.rb:127:in `call'
rack (2.2.3) lib/rack/sendfile.rb:110:in `call'
railties (5.2.4.3) lib/rails/engine.rb:524:in `call'
puma (3.12.6) lib/puma/configuration.rb:227:in `call'
puma (3.12.6) lib/puma/server.rb:706:in `handle_request'
puma (3.12.6) lib/puma/server.rb:476:in `process_client'
puma (3.12.6) lib/puma/server.rb:334:in `block in run'
puma (3.12.6) lib/puma/thread_pool.rb:135:in `block in spawn_thread'
